14:27:32.398 INFO  c.e.s.StorageApplication - Starting StorageApplication using Java 21.0.5 with PID 2908 (/Users/macbookairm3/Documents/Java Intern/storage/target/classes started by macbookairm3 in /Users/macbookairm3/Documents/Java Intern)
14:27:32.399 INFO  c.e.s.StorageApplication - No active profile set, falling back to 1 default profile: "default"
14:27:32.424 INFO  o.s.b.d.e.DevToolsPropertyDefaultsPostProcessor - Devtools property defaults active! Set 'spring.devtools.add-properties' to 'false' to disable
14:27:32.424 INFO  o.s.b.d.e.DevToolsPropertyDefaultsPostProcessor - For additional web related logging consider setting the 'logging.level.web' property to 'DEBUG'
14:27:32.885 INFO  o.s.d.r.c.RepositoryConfigurationDelegate - Multiple Spring Data modules found, entering strict repository configuration mode
14:27:32.886 INFO  o.s.d.r.c.RepositoryConfigurationDelegate - Bootstrapping Spring Data JPA repositories in DEFAULT mode.
14:27:32.973 INFO  o.s.d.r.c.RepositoryConfigurationDelegate - Finished Spring Data repository scanning in 78 ms. Found 1 JPA repository interface.
14:27:32.984 INFO  o.s.d.r.c.RepositoryConfigurationDelegate - Multiple Spring Data modules found, entering strict repository configuration mode
14:27:32.985 INFO  o.s.d.r.c.RepositoryConfigurationDelegate - Bootstrapping Spring Data Redis repositories in DEFAULT mode.
14:27:32.993 INFO  o.s.d.r.c.RepositoryConfigurationExtensionSupport - Spring Data Redis - Could not safely identify store assignment for repository candidate interface com.evotek.storage.repository.FileRepository; If you want this repository to be a Redis repository, consider annotating your entities with one of these annotations: org.springframework.data.redis.core.RedisHash (preferred), or consider extending one of the following types with your repository: org.springframework.data.keyvalue.repository.KeyValueRepository
14:27:32.993 INFO  o.s.d.r.c.RepositoryConfigurationDelegate - Finished Spring Data repository scanning in 3 ms. Found 0 Redis repository interfaces.
14:27:33.142 INFO  o.s.c.c.s.GenericScope - BeanFactory id=ad92665a-7516-34f5-afdf-2972572bf9bf
14:27:33.537 INFO  o.s.b.w.e.t.TomcatWebServer - Tomcat initialized with port 8080 (http)
14:27:33.545 INFO  o.a.c.h.Http11NioProtocol - Initializing ProtocolHandler ["http-nio-8080"]
14:27:33.546 INFO  o.a.c.c.StandardService - Starting service [Tomcat]
14:27:33.546 INFO  o.a.c.c.StandardEngine - Starting Servlet engine: [Apache Tomcat/10.1.34]
14:27:33.579 INFO  o.a.c.c.C.[.[.[/] - Initializing Spring embedded WebApplicationContext
14:27:33.579 INFO  o.s.b.w.s.c.ServletWebServerApplicationContext - Root WebApplicationContext: initialization completed in 1155 ms
14:27:34.070 INFO  o.h.Version - HHH000412: Hibernate ORM core version 6.5.3.Final
14:27:34.087 INFO  o.h.c.i.RegionFactoryInitiator - HHH000026: Second-level cache disabled
14:27:34.233 INFO  o.s.o.j.p.SpringPersistenceUnitInfo - No LoadTimeWeaver setup: ignoring JPA class transformer
14:27:34.254 INFO  c.z.h.HikariDataSource - HikariPool-1 - Starting...
14:27:34.335 INFO  c.z.h.p.HikariPool - HikariPool-1 - Added connection org.postgresql.jdbc.PgConnection@620ce4fe
14:27:34.335 INFO  c.z.h.HikariDataSource - HikariPool-1 - Start completed.
14:27:34.845 INFO  o.h.e.t.j.p.i.JtaPlatformInitiator - HHH000489: No JTA platform available (set 'hibernate.transaction.jta.platform' to enable JTA platform integration)
14:27:34.873 INFO  o.s.o.j.LocalContainerEntityManagerFactoryBean - Initialized JPA EntityManagerFactory for persistence unit 'default'
14:27:34.923 INFO  o.s.b.d.a.OptionalLiveReloadServer - LiveReload server is running on port 35729
14:27:35.665 INFO  o.a.c.h.Http11NioProtocol - Starting ProtocolHandler ["http-nio-8080"]
14:27:35.671 INFO  o.s.b.w.e.t.TomcatWebServer - Tomcat started on port 8080 (http) with context path '/'
14:27:35.684 INFO  c.e.s.StorageApplication - Started StorageApplication in 3.711 seconds (process running for 4.517)
14:28:04.037 INFO  o.a.c.c.C.[.[.[/] - Initializing Spring DispatcherServlet 'dispatcherServlet'
14:28:04.037 INFO  o.s.w.s.DispatcherServlet - Initializing Servlet 'dispatcherServlet'
14:28:04.040 INFO  o.s.w.s.DispatcherServlet - Completed initialization in 3 ms
14:28:04.167 INFO  c.e.c.w.s.ForbiddenTokenFilter - ForbiddenTokenFilter
14:28:04.403 INFO  c.e.c.w.s.CustomAuthenticationFilter - CustomAuthenticationFilter
14:28:05.281 INFO  c.e.c.w.c.ActionLogFilter - ActionLogFilter response: Response: {"data":{"id":1503,"originName":"room1.jpg","md5Name":"2f9424fa0ba90da785f020d081a91dba.jpg","fileType":"image/jpeg","fileHeight":168,"fileWidth":300,"fileSize":8412,"url":"http://localhost:8080/api/uploads/private/2f9424fa0ba90da785f020d081a91dba.jpg","description":"test","isPublic":false,"createdAt":"2025-02-05T07:14:03.570+00:00","updatedAt":"2025-02-05T07:14:03.574+00:00","createdBy":null,"lastModifiedBy":null},"success":true,"code":200,"message":"File retrieved successfully","timestamp":1738740485258,"status":"OK"}
14:31:20.685 INFO  o.s.o.j.LocalContainerEntityManagerFactoryBean - Closing JPA EntityManagerFactory for persistence unit 'default'
14:31:20.689 INFO  c.z.h.HikariDataSource - HikariPool-1 - Shutdown initiated...
14:31:20.691 INFO  c.z.h.HikariDataSource - HikariPool-1 - Shutdown completed.
14:31:24.591 INFO  c.e.s.StorageApplication - Starting StorageApplication using Java 21.0.5 with PID 3152 (/Users/macbookairm3/Documents/Java Intern/storage/target/classes started by macbookairm3 in /Users/macbookairm3/Documents/Java Intern)
14:31:24.592 INFO  c.e.s.StorageApplication - No active profile set, falling back to 1 default profile: "default"
14:31:24.614 INFO  o.s.b.d.e.DevToolsPropertyDefaultsPostProcessor - Devtools property defaults active! Set 'spring.devtools.add-properties' to 'false' to disable
14:31:24.614 INFO  o.s.b.d.e.DevToolsPropertyDefaultsPostProcessor - For additional web related logging consider setting the 'logging.level.web' property to 'DEBUG'
14:31:25.060 INFO  o.s.d.r.c.RepositoryConfigurationDelegate - Multiple Spring Data modules found, entering strict repository configuration mode
14:31:25.061 INFO  o.s.d.r.c.RepositoryConfigurationDelegate - Bootstrapping Spring Data JPA repositories in DEFAULT mode.
14:31:25.148 INFO  o.s.d.r.c.RepositoryConfigurationDelegate - Finished Spring Data repository scanning in 79 ms. Found 1 JPA repository interface.
14:31:25.158 INFO  o.s.d.r.c.RepositoryConfigurationDelegate - Multiple Spring Data modules found, entering strict repository configuration mode
14:31:25.159 INFO  o.s.d.r.c.RepositoryConfigurationDelegate - Bootstrapping Spring Data Redis repositories in DEFAULT mode.
14:31:25.166 INFO  o.s.d.r.c.RepositoryConfigurationExtensionSupport - Spring Data Redis - Could not safely identify store assignment for repository candidate interface com.evotek.storage.repository.FileRepository; If you want this repository to be a Redis repository, consider annotating your entities with one of these annotations: org.springframework.data.redis.core.RedisHash (preferred), or consider extending one of the following types with your repository: org.springframework.data.keyvalue.repository.KeyValueRepository
14:31:25.166 INFO  o.s.d.r.c.RepositoryConfigurationDelegate - Finished Spring Data repository scanning in 3 ms. Found 0 Redis repository interfaces.
14:31:25.300 INFO  o.s.c.c.s.GenericScope - BeanFactory id=ad92665a-7516-34f5-afdf-2972572bf9bf
14:31:25.680 INFO  o.s.b.w.e.t.TomcatWebServer - Tomcat initialized with port 8080 (http)
14:31:25.687 INFO  o.a.c.h.Http11NioProtocol - Initializing ProtocolHandler ["http-nio-8080"]
14:31:25.688 INFO  o.a.c.c.StandardService - Starting service [Tomcat]
14:31:25.688 INFO  o.a.c.c.StandardEngine - Starting Servlet engine: [Apache Tomcat/10.1.34]
14:31:25.714 INFO  o.a.c.c.C.[.[.[/] - Initializing Spring embedded WebApplicationContext
14:31:25.715 INFO  o.s.b.w.s.c.ServletWebServerApplicationContext - Root WebApplicationContext: initialization completed in 1100 ms
14:31:26.386 INFO  o.h.Version - HHH000412: Hibernate ORM core version 6.5.3.Final
14:31:26.403 INFO  o.h.c.i.RegionFactoryInitiator - HHH000026: Second-level cache disabled
14:31:26.545 INFO  o.s.o.j.p.SpringPersistenceUnitInfo - No LoadTimeWeaver setup: ignoring JPA class transformer
14:31:26.563 INFO  c.z.h.HikariDataSource - HikariPool-1 - Starting...
14:31:26.643 INFO  c.z.h.p.HikariPool - HikariPool-1 - Added connection org.postgresql.jdbc.PgConnection@34b68689
14:31:26.644 INFO  c.z.h.HikariDataSource - HikariPool-1 - Start completed.
14:31:27.160 INFO  o.h.e.t.j.p.i.JtaPlatformInitiator - HHH000489: No JTA platform available (set 'hibernate.transaction.jta.platform' to enable JTA platform integration)
14:31:27.193 INFO  o.s.o.j.LocalContainerEntityManagerFactoryBean - Initialized JPA EntityManagerFactory for persistence unit 'default'
14:31:27.243 INFO  o.s.b.d.a.OptionalLiveReloadServer - LiveReload server is running on port 35729
14:31:27.972 INFO  o.a.c.h.Http11NioProtocol - Starting ProtocolHandler ["http-nio-8080"]
14:31:27.978 INFO  o.s.b.w.e.t.TomcatWebServer - Tomcat started on port 8080 (http) with context path '/'
14:31:27.991 INFO  c.e.s.StorageApplication - Started StorageApplication in 3.748 seconds (process running for 4.21)
14:33:14.001 INFO  o.a.c.c.C.[.[.[/] - Initializing Spring DispatcherServlet 'dispatcherServlet'
14:33:14.001 INFO  o.s.w.s.DispatcherServlet - Initializing Servlet 'dispatcherServlet'
14:33:14.003 INFO  o.s.w.s.DispatcherServlet - Completed initialization in 2 ms
14:33:14.169 INFO  c.e.c.w.s.ForbiddenTokenFilter - ForbiddenTokenFilter
14:33:14.436 INFO  c.e.c.w.s.CustomAuthenticationFilter - CustomAuthenticationFilter
14:33:15.451 INFO  c.e.c.w.c.ActionLogFilter - ActionLogFilter response: Response: {"data":{"id":1503,"originName":"room1.jpg","md5Name":"2f9424fa0ba90da785f020d081a91dba.jpg","fileType":"image/jpeg","fileHeight":168,"fileWidth":300,"fileSize":8412,"url":"http://localhost:8080/api/uploads/private/2f9424fa0ba90da785f020d081a91dba.jpg","description":"test","isPublic":false,"createdAt":"2025-02-05T07:14:03.570+00:00","updatedAt":"2025-02-05T07:14:03.574+00:00","createdBy":null,"lastModifiedBy":null},"success":true,"code":200,"message":"File retrieved successfully","timestamp":1738740795426,"status":"OK"}
